<?xml version="1.0" encoding="UTF-8"?>
<testsuite name="autotests.tests.DuckTest" time="0.0" tests="8" errors="0" skipped="0" failures="0">
    <testcase name="DuckTest.successfulCreate" classname="autotests.tests.DuckTest" time="0.0"/>
    <testcase name="DuckTest.successfulCreateDB" classname="autotests.tests.DuckTest" time="0.0"/>
    <testcase name="DuckTest.successfulCreateDefault" classname="autotests.tests.DuckTest" time="0.0"/>
    <testcase name="DuckTest.successfulDeleteExist" classname="autotests.tests.DuckTest" time="0.0"/>
    <testcase name="DuckTest.successfulDeleteNotExist" classname="autotests.tests.DuckTest" time="0.0"/>
    <testcase name="DuckTest.successfulGetAllIds" classname="autotests.tests.DuckTest" time="0.0"/>
    <testcase name="DuckTest.successfulGetAllIdsEmpty" classname="autotests.tests.DuckTest" time="0.0"/>
    <testcase name="DuckTest.successfulUpdate" classname="autotests.tests.DuckTest" time="0.0"/>
</testsuite>